[11:12:24] [Server thread/INFO]: Starting minecraft server version 1.8.6
[11:12:24] [Server thread/INFO]: Loading properties
[11:12:24] [Server thread/INFO]: Default game type: ADVENTURE
[11:12:24] [Server thread/INFO]: Generating keypair
[11:12:24] [Server thread/INFO]: Starting Minecraft server on *:25565
[11:12:24] [Server thread/INFO]: Using epoll channel type
[11:12:25] [Server thread/WARN]: **** SERVER IS RUNNING IN OFFLINE/INSECURE MODE!
[11:12:25] [Server thread/WARN]: The server will make no attempt to authenticate usernames. Beware.
[11:12:25] [Server thread/WARN]: While this makes the game possible to play without internet access, it also opens up the ability for hackers to connect with any username they choose.
[11:12:25] [Server thread/WARN]: To change this, set "online-mode" to "true" in the server.properties file.
[11:12:25] [Server thread/INFO]: Preparing level "SkyBlock"
[11:12:25] [Server thread/INFO]: Preparing start region for level 0
[11:12:26] [Server thread/INFO]: Preparing spawn area: 38%
[11:12:27] [Server thread/INFO]: Done (2.045s)! For help, type "help" or "?"
[11:13:20] [Server thread/INFO]: Rylath[/192.168.0.5:49500] logged in with entity id 74 at (-4.62891810817194, 149.505681689273, -13.72189410689623)
[11:13:20] [Server thread/INFO]: Rylath joined the game
[11:13:30] [Server thread/INFO]: [Rylath: Set the time to 1000]
[11:14:17] [Server thread/INFO]: [Rylath: Set game difficulty to Peaceful]
[11:14:29] [Server thread/INFO]: Rylath lost connection: TextComponent{text='Disconnected', siblings=[], style=Style{hasParent=false, color=null, bold=null, italic=null, underlined=null, obfuscated=null, clickEvent=null, hoverEvent=null, insertion=null}}
[11:14:29] [Server thread/INFO]: Rylath left the game
[11:14:35] [Server thread/INFO]: Stopping the server
[11:14:35] [Server thread/INFO]: Stopping server
[11:14:35] [Server thread/INFO]: Saving players
[11:14:35] [Server thread/INFO]: Saving worlds
[11:14:35] [Server thread/INFO]: Saving chunks for level 'SkyBlock'/Overworld
[11:14:35] [Server thread/INFO]: Saving chunks for level 'SkyBlock'/Nether
[11:14:35] [Server thread/INFO]: Saving chunks for level 'SkyBlock'/The End
[11:14:35] [Server Shutdown Thread/INFO]: Stopping server
[11:14:35] [Server Shutdown Thread/INFO]: Saving players
